<?xml version="1.0" encoding="UTF-8"?>
<!-- Generated by org.testng.reporters.JUnitReportReporter -->
<testsuite skipped="0" hostname="DESKTOP-DEJDQ69" name="OpenEmail.OpenEmail" tests="1" failures="0" timestamp="17 May 2018 10:50:39 GMT" time="15.898" errors="0">
  <testcase name="checkExistenceOfSelHQLink" time="15.898" classname="OpenEmail.OpenEmail"/>
</testsuite> <!-- OpenEmail.OpenEmail -->
