<?xml version="1.0" encoding="UTF-8"?>
<!-- Generated by org.testng.reporters.JUnitReportReporter -->
<testsuite skipped="0" hostname="DESKTOP-IS0469G" name="utility.ExcelUtility" tests="1" failures="0" timestamp="17 May 2018 20:34:08 GMT" time="0.668" errors="0">
  <testcase name="setExcelFile" time="0.668" classname="utility.ExcelUtility"/>
</testsuite> <!-- utility.ExcelUtility -->
